# JRE version: OpenJDK Runtime Environment (8.0_152) (build 1.8.0_152-release-1343-b16-5323222)
# Java VM: OpenJDK 64-Bit Server VM (25.152-b16-5323222 mixed mode linux-amd64 compressed oops)
Heap:
 PSYoungGen      total 271360K, used 8087K [0x00000000e0000000, 0x00000000f5500000, 0x0000000100000000)
  eden space 247296K, 0% used [0x00000000e0000000,0x00000000e0000000,0x00000000ef180000)
  from space 24064K, 33% used [0x00000000ef180000,0x00000000ef965cd0,0x00000000f0900000)
  to   space 34816K, 0% used [0x00000000f3300000,0x00000000f3300000,0x00000000f5500000)
 ParOldGen       total 81920K, used 81446K [0x00000000a0000000, 0x00000000a5000000, 0x00000000e0000000)
  object space 81920K, 99% used [0x00000000a0000000,0x00000000a4f89a50,0x00000000a5000000)
 Metaspace       used 85520K, capacity 88672K, committed 90008K, reserved 1126400K
  class space    used 11219K, capacity 11850K, committed 12208K, reserved 1048576K
GC Heap History (10 events):
Event: 10.840 GC heap after
Heap after GC invocations=16 (full 3):
 PSYoungGen      total 177664K, used 0K [0x00000000e0000000, 0x00000000ef180000, 0x0000000100000000)
  eden space 161280K, 0% used [0x00000000e0000000,0x00000000e0000000,0x00000000e9d80000)
  from space 16384K, 0% used [0x00000000e9d80000,0x00000000e9d80000,0x00000000ead80000)
  to   space 15360K, 0% used [0x00000000ee280000,0x00000000ee280000,0x00000000ef180000)
 ParOldGen       total 81920K, used 30185K [0x00000000a0000000, 0x00000000a5000000, 0x00000000e0000000)
  object space 81920K, 36% used [0x00000000a0000000,0x00000000a1d7a630,0x00000000a5000000)
 Metaspace       used 57581K, capacity 59102K, committed 59160K, reserved 1099776K
  class space    used 7820K, capacity 8207K, committed 8240K, reserved 1048576K
}
Event: 13.902 GC heap before
{Heap before GC invocations=17 (full 3):
 PSYoungGen      total 177664K, used 161280K [0x00000000e0000000, 0x00000000ef180000, 0x0000000100000000)
  eden space 161280K, 100% used [0x00000000e0000000,0x00000000e9d80000,0x00000000e9d80000)
  from space 16384K, 0% used [0x00000000e9d80000,0x00000000e9d80000,0x00000000ead80000)
  to   space 15360K, 0% used [0x00000000ee280000,0x00000000ee280000,0x00000000ef180000)
 ParOldGen       total 81920K, used 30185K [0x00000000a0000000, 0x00000000a5000000, 0x00000000e0000000)
  object space 81920K, 36% used [0x00000000a0000000,0x00000000a1d7a630,0x00000000a5000000)
 Metaspace       used 61623K, capacity 63522K, committed 63640K, reserved 1103872K
  class space    used 8365K, capacity 8821K, committed 8880K, reserved 1048576K
Event: 13.928 GC heap after
Heap after GC invocations=17 (full 3):
 PSYoungGen      total 215552K, used 13921K [0x00000000e0000000, 0x00000000ef080000, 0x0000000100000000)
  eden space 201216K, 0% used [0x00000000e0000000,0x00000000e0000000,0x00000000ec480000)
  from space 14336K, 97% used [0x00000000ee280000,0x00000000ef018468,0x00000000ef080000)
  to   space 17408K, 0% used [0x00000000ece80000,0x00000000ece80000,0x00000000edf80000)
 ParOldGen       total 81920K, used 30193K [0x00000000a0000000, 0x00000000a5000000, 0x00000000e0000000)
  object space 81920K, 36% used [0x00000000a0000000,0x00000000a1d7c630,0x00000000a5000000)
 Metaspace       used 61623K, capacity 63522K, committed 63640K, reserved 1103872K
  class space    used 8365K, capacity 8821K, committed 8880K, reserved 1048576K
}
Event: 18.767 GC heap before
{Heap before GC invocations=18 (full 3):
 PSYoungGen      total 215552K, used 215137K [0x00000000e0000000, 0x00000000ef080000, 0x0000000100000000)
  eden space 201216K, 100% used [0x00000000e0000000,0x00000000ec480000,0x00000000ec480000)
  from space 14336K, 97% used [0x00000000ee280000,0x00000000ef018468,0x00000000ef080000)
  to   space 17408K, 0% used [0x00000000ece80000,0x00000000ece80000,0x00000000edf80000)
 ParOldGen       total 81920K, used 30193K [0x00000000a0000000, 0x00000000a5000000, 0x00000000e0000000)
  object space 81920K, 36% used [0x00000000a0000000,0x00000000a1d7c630,0x00000000a5000000)
 Metaspace       used 71023K, capacity 74176K, committed 74392K, reserved 1114112K
  class space    used 9669K, capacity 10290K, committed 10416K, reserved 1048576K
Event: 18.810 GC heap after
Heap after GC invocations=18 (full 3):
 PSYoungGen      total 228864K, used 17384K [0x00000000e0000000, 0x00000000f2100000, 0x0000000100000000)
  eden space 211456K, 0% used [0x00000000e0000000,0x00000000e0000000,0x00000000ece80000)
  from space 17408K, 99% used [0x00000000ece80000,0x00000000edf7a3a8,0x00000000edf80000)
  to   space 24576K, 0% used [0x00000000f0900000,0x00000000f0900000,0x00000000f2100000)
 ParOldGen       total 81920K, used 43588K [0x00000000a0000000, 0x00000000a5000000, 0x00000000e0000000)
  object space 81920K, 53% used [0x00000000a0000000,0x00000000a2a91188,0x00000000a5000000)
 Metaspace       used 71023K, capacity 74176K, committed 74392K, reserved 1114112K
  class space    used 9669K, capacity 10290K, committed 10416K, reserved 1048576K
}
Event: 118.436 GC heap before
{Heap before GC invocations=19 (full 3):
 PSYoungGen      total 228864K, used 228840K [0x00000000e0000000, 0x00000000f2100000, 0x0000000100000000)
  eden space 211456K, 100% used [0x00000000e0000000,0x00000000ece80000,0x00000000ece80000)
  from space 17408K, 99% used [0x00000000ece80000,0x00000000edf7a3a8,0x00000000edf80000)
  to   space 24576K, 0% used [0x00000000f0900000,0x00000000f0900000,0x00000000f2100000)
 ParOldGen       total 81920K, used 43588K [0x00000000a0000000, 0x00000000a5000000, 0x00000000e0000000)
  object space 81920K, 53% used [0x00000000a0000000,0x00000000a2a91188,0x00000000a5000000)
 Metaspace       used 78572K, capacity 82434K, committed 82712K, reserved 1120256K
  class space    used 10532K, capacity 11273K, committed 11312K, reserved 1048576K
Event: 118.519 GC heap after
Heap after GC invocations=19 (full 3):
 PSYoungGen      total 271872K, used 11987K [0x00000000e0000000, 0x00000000f2480000, 0x0000000100000000)
  eden space 247296K, 0% used [0x00000000e0000000,0x00000000e0000000,0x00000000ef180000)
  from space 24576K, 48% used [0x00000000f0900000,0x00000000f14b4ee0,0x00000000f2100000)
  to   space 24064K, 0% used [0x00000000ef180000,0x00000000ef180000,0x00000000f0900000)
 ParOldGen       total 81920K, used 58068K [0x00000000a0000000, 0x00000000a5000000, 0x00000000e0000000)
  object space 81920K, 70% used [0x00000000a0000000,0x00000000a38b5310,0x00000000a5000000)
 Metaspace       used 78572K, capacity 82434K, committed 82712K, reserved 1120256K
  class space    used 10532K, capacity 11273K, committed 11312K, reserved 1048576K
}
Event: 122.871 GC heap before
{Heap before GC invocations=20 (full 3):
 PSYoungGen      total 271872K, used 259283K [0x00000000e0000000, 0x00000000f2480000, 0x0000000100000000)
  eden space 247296K, 100% used [0x00000000e0000000,0x00000000ef180000,0x00000000ef180000)
  from space 24576K, 48% used [0x00000000f0900000,0x00000000f14b4ee0,0x00000000f2100000)
  to   space 24064K, 0% used [0x00000000ef180000,0x00000000ef180000,0x00000000f0900000)
 ParOldGen       total 81920K, used 58068K [0x00000000a0000000, 0x00000000a5000000, 0x00000000e0000000)
  object space 81920K, 70% used [0x00000000a0000000,0x00000000a38b5310,0x00000000a5000000)
 Metaspace       used 85917K, capacity 89770K, committed 90008K, reserved 1126400K
  class space    used 11355K, capacity 12085K, committed 12208K, reserved 1048576K
Event: 122.946 GC heap after
Heap after GC invocations=20 (full 3):
 PSYoungGen      total 271360K, used 24055K [0x00000000e0000000, 0x00000000f5500000, 0x0000000100000000)
  eden space 247296K, 0% used [0x00000000e0000000,0x00000000e0000000,0x00000000ef180000)
  from space 24064K, 99% used [0x00000000ef180000,0x00000000f08fdcc0,0x00000000f0900000)
  to   space 34816K, 0% used [0x00000000f3300000,0x00000000f3300000,0x00000000f5500000)
 ParOldGen       total 81920K, used 77740K [0x00000000a0000000, 0x00000000a5000000, 0x00000000e0000000)
  object space 81920K, 94% used [0x00000000a0000000,0x00000000a4beb370,0x00000000a5000000)
 Metaspace       used 85917K, capacity 89770K, committed 90008K, reserved 1126400K
  class space    used 11355K, capacity 12085K, committed 12208K, reserved 1048576K
}
Event: 122.946 GC heap before
{Heap before GC invocations=21 (full 4):
 PSYoungGen      total 271360K, used 24055K [0x00000000e0000000, 0x00000000f5500000, 0x0000000100000000)
  eden space 247296K, 0% used [0x00000000e0000000,0x00000000e0000000,0x00000000ef180000)
  from space 24064K, 99% used [0x00000000ef180000,0x00000000f08fdcc0,0x00000000f0900000)
  to   space 34816K, 0% used [0x00000000f3300000,0x00000000f3300000,0x00000000f5500000)
 ParOldGen       total 81920K, used 77740K [0x00000000a0000000, 0x00000000a5000000, 0x00000000e0000000)
  object space 81920K, 94% used [0x00000000a0000000,0x00000000a4beb370,0x00000000a5000000)
 Metaspace       used 85917K, capacity 89770K, committed 90008K, reserved 1126400K
  class space    used 11355K, capacity 12085K, committed 12208K, reserved 1048576K

