# JRE version: OpenJDK Runtime Environment (8.0_152) (build 1.8.0_152-release-1343-b16-5323222)
# Java VM: OpenJDK 64-Bit Server VM (25.152-b16-5323222 mixed mode linux-amd64 compressed oops)
Heap:
 PSYoungGen      total 386048K, used 9595K [0x00000000e0000000, 0x00000000f8f00000, 0x0000000100000000)
  eden space 363520K, 0% used [0x00000000e0000000,0x00000000e0000000,0x00000000f6300000)
  from space 22528K, 42% used [0x00000000f6300000,0x00000000f6c5ef80,0x00000000f7900000)
  to   space 22016K, 0% used [0x00000000f7980000,0x00000000f7980000,0x00000000f8f00000)
 ParOldGen       total 81920K, used 48204K [0x00000000a0000000, 0x00000000a5000000, 0x00000000e0000000)
  object space 81920K, 58% used [0x00000000a0000000,0x00000000a2f13220,0x00000000a5000000)
 Metaspace       used 86315K, capacity 89444K, committed 89776K, reserved 1128448K
  class space    used 10932K, capacity 11613K, committed 11696K, reserved 1048576K
GC Heap History (10 events):
Event: 191.014 GC heap after
Heap after GC invocations=19 (full 3):
 PSYoungGen      total 293888K, used 16517K [0x00000000e0000000, 0x00000000f3900000, 0x0000000100000000)
  eden space 275968K, 0% used [0x00000000e0000000,0x00000000e0000000,0x00000000f0d80000)
  from space 17920K, 92% used [0x00000000f2100000,0x00000000f3121518,0x00000000f3280000)
  to   space 19968K, 0% used [0x00000000f0d80000,0x00000000f0d80000,0x00000000f2100000)
 ParOldGen       total 81920K, used 36063K [0x00000000a0000000, 0x00000000a5000000, 0x00000000e0000000)
  object space 81920K, 44% used [0x00000000a0000000,0x00000000a2337f00,0x00000000a5000000)
 Metaspace       used 74312K, capacity 76330K, committed 76464K, reserved 1116160K
  class space    used 9541K, capacity 10074K, committed 10160K, reserved 1048576K
}
Event: 191.943 GC heap before
{Heap before GC invocations=20 (full 3):
 PSYoungGen      total 293888K, used 292476K [0x00000000e0000000, 0x00000000f3900000, 0x0000000100000000)
  eden space 275968K, 99% used [0x00000000e0000000,0x00000000f0d7db58,0x00000000f0d80000)
  from space 17920K, 92% used [0x00000000f2100000,0x00000000f3121518,0x00000000f3280000)
  to   space 19968K, 0% used [0x00000000f0d80000,0x00000000f0d80000,0x00000000f2100000)
 ParOldGen       total 81920K, used 36063K [0x00000000a0000000, 0x00000000a5000000, 0x00000000e0000000)
  object space 81920K, 44% used [0x00000000a0000000,0x00000000a2337f00,0x00000000a5000000)
 Metaspace       used 75325K, capacity 77472K, committed 77616K, reserved 1116160K
  class space    used 9682K, capacity 10207K, committed 10288K, reserved 1048576K
Event: 191.967 GC heap after
Heap after GC invocations=20 (full 3):
 PSYoungGen      total 295936K, used 12139K [0x00000000e0000000, 0x00000000f6000000, 0x0000000100000000)
  eden space 275968K, 0% used [0x00000000e0000000,0x00000000e0000000,0x00000000f0d80000)
  from space 19968K, 60% used [0x00000000f0d80000,0x00000000f195ae48,0x00000000f2100000)
  to   space 19968K, 0% used [0x00000000f4c80000,0x00000000f4c80000,0x00000000f6000000)
 ParOldGen       total 81920K, used 36071K [0x00000000a0000000, 0x00000000a5000000, 0x00000000e0000000)
  object space 81920K, 44% used [0x00000000a0000000,0x00000000a2339f00,0x00000000a5000000)
 Metaspace       used 75325K, capacity 77472K, committed 77616K, reserved 1116160K
  class space    used 9682K, capacity 10207K, committed 10288K, reserved 1048576K
}
Event: 195.812 GC heap before
{Heap before GC invocations=21 (full 3):
 PSYoungGen      total 295936K, used 288107K [0x00000000e0000000, 0x00000000f6000000, 0x0000000100000000)
  eden space 275968K, 100% used [0x00000000e0000000,0x00000000f0d80000,0x00000000f0d80000)
  from space 19968K, 60% used [0x00000000f0d80000,0x00000000f195ae48,0x00000000f2100000)
  to   space 19968K, 0% used [0x00000000f4c80000,0x00000000f4c80000,0x00000000f6000000)
 ParOldGen       total 81920K, used 36071K [0x00000000a0000000, 0x00000000a5000000, 0x00000000e0000000)
  object space 81920K, 44% used [0x00000000a0000000,0x00000000a2339f00,0x00000000a5000000)
 Metaspace       used 85404K, capacity 88370K, committed 88496K, reserved 1126400K
  class space    used 10905K, capacity 11572K, committed 11696K, reserved 1048576K
Event: 195.863 GC heap after
Heap after GC invocations=21 (full 3):
 PSYoungGen      total 335872K, used 19965K [0x00000000e0000000, 0x00000000f6680000, 0x0000000100000000)
  eden space 315904K, 0% used [0x00000000e0000000,0x00000000e0000000,0x00000000f3480000)
  from space 19968K, 99% used [0x00000000f4c80000,0x00000000f5fff4d0,0x00000000f6000000)
  to   space 24576K, 0% used [0x00000000f3480000,0x00000000f3480000,0x00000000f4c80000)
 ParOldGen       total 81920K, used 41125K [0x00000000a0000000, 0x00000000a5000000, 0x00000000e0000000)
  object space 81920K, 50% used [0x00000000a0000000,0x00000000a2829670,0x00000000a5000000)
 Metaspace       used 85404K, capacity 88370K, committed 88496K, reserved 1126400K
  class space    used 10905K, capacity 11572K, committed 11696K, reserved 1048576K
}
Event: 198.137 GC heap before
{Heap before GC invocations=22 (full 3):
 PSYoungGen      total 335872K, used 335869K [0x00000000e0000000, 0x00000000f6680000, 0x0000000100000000)
  eden space 315904K, 100% used [0x00000000e0000000,0x00000000f3480000,0x00000000f3480000)
  from space 19968K, 99% used [0x00000000f4c80000,0x00000000f5fff4d0,0x00000000f6000000)
  to   space 24576K, 0% used [0x00000000f3480000,0x00000000f3480000,0x00000000f4c80000)
 ParOldGen       total 81920K, used 41125K [0x00000000a0000000, 0x00000000a5000000, 0x00000000e0000000)
  object space 81920K, 50% used [0x00000000a0000000,0x00000000a2829670,0x00000000a5000000)
 Metaspace       used 86017K, capacity 89012K, committed 89264K, reserved 1126400K
  class space    used 10925K, capacity 11575K, committed 11696K, reserved 1048576K
Event: 198.174 GC heap after
Heap after GC invocations=22 (full 3):
 PSYoungGen      total 340480K, used 9535K [0x00000000e0000000, 0x00000000f9080000, 0x0000000100000000)
  eden space 315904K, 0% used [0x00000000e0000000,0x00000000e0000000,0x00000000f3480000)
  from space 24576K, 38% used [0x00000000f3480000,0x00000000f3dcfd30,0x00000000f4c80000)
  to   space 23552K, 0% used [0x00000000f7980000,0x00000000f7980000,0x00000000f9080000)
 ParOldGen       total 81920K, used 48180K [0x00000000a0000000, 0x00000000a5000000, 0x00000000e0000000)
  object space 81920K, 58% used [0x00000000a0000000,0x00000000a2f0d220,0x00000000a5000000)
 Metaspace       used 86017K, capacity 89012K, committed 89264K, reserved 1126400K
  class space    used 10925K, capacity 11575K, committed 11696K, reserved 1048576K
}
Event: 199.755 GC heap before
{Heap before GC invocations=23 (full 3):
 PSYoungGen      total 340480K, used 325439K [0x00000000e0000000, 0x00000000f9080000, 0x0000000100000000)
  eden space 315904K, 100% used [0x00000000e0000000,0x00000000f3480000,0x00000000f3480000)
  from space 24576K, 38% used [0x00000000f3480000,0x00000000f3dcfd30,0x00000000f4c80000)
  to   space 23552K, 0% used [0x00000000f7980000,0x00000000f7980000,0x00000000f9080000)
 ParOldGen       total 81920K, used 48180K [0x00000000a0000000, 0x00000000a5000000, 0x00000000e0000000)
  object space 81920K, 58% used [0x00000000a0000000,0x00000000a2f0d220,0x00000000a5000000)
 Metaspace       used 86195K, capacity 89244K, committed 89520K, reserved 1126400K
  class space    used 10932K, capacity 11613K, committed 11696K, reserved 1048576K
Event: 199.784 GC heap after
Heap after GC invocations=23 (full 3):
 PSYoungGen      total 385536K, used 11265K [0x00000000e0000000, 0x00000000f8f00000, 0x0000000100000000)
  eden space 363520K, 0% used [0x00000000e0000000,0x00000000e0000000,0x00000000f6300000)
  from space 22016K, 51% used [0x00000000f7980000,0x00000000f8480600,0x00000000f8f00000)
  to   space 22528K, 0% used [0x00000000f6300000,0x00000000f6300000,0x00000000f7900000)
 ParOldGen       total 81920K, used 48188K [0x00000000a0000000, 0x00000000a5000000, 0x00000000e0000000)
  object space 81920K, 58% used [0x00000000a0000000,0x00000000a2f0f220,0x00000000a5000000)
 Metaspace       used 86195K, capacity 89244K, committed 89520K, reserved 1126400K
  class space    used 10932K, capacity 11613K, committed 11696K, reserved 1048576K
}
Event: 201.549 GC heap before
{Heap before GC invocations=24 (full 3):
 PSYoungGen      total 385536K, used 374785K [0x00000000e0000000, 0x00000000f8f00000, 0x0000000100000000)
  eden space 363520K, 100% used [0x00000000e0000000,0x00000000f6300000,0x00000000f6300000)
  from space 22016K, 51% used [0x00000000f7980000,0x00000000f8480600,0x00000000f8f00000)
  to   space 22528K, 0% used [0x00000000f6300000,0x00000000f6300000,0x00000000f7900000)
 ParOldGen       total 81920K, used 48188K [0x00000000a0000000, 0x00000000a5000000, 0x00000000e0000000)
  object space 81920K, 58% used [0x00000000a0000000,0x00000000a2f0f220,0x00000000a5000000)
 Metaspace       used 86315K, capacity 89444K, committed 89776K, reserved 1128448K
  class space    used 10932K, capacity 11613K, committed 11696K, reserved 1048576K

