# JRE version: OpenJDK Runtime Environment (8.0_152) (build 1.8.0_152-release-1343-b16-5323222)
# Java VM: OpenJDK 64-Bit Server VM (25.152-b16-5323222 mixed mode linux-amd64 compressed oops)
Heap:
 PSYoungGen      total 328704K, used 28133K [0x00000000e0000000, 0x00000000f5c80000, 0x0000000100000000)
  eden space 300544K, 0% used [0x00000000e0000000,0x00000000e0000000,0x00000000f2580000)
  from space 28160K, 99% used [0x00000000f2580000,0x00000000f40f9630,0x00000000f4100000)
  to   space 24576K, 0% used [0x00000000f4400000,0x00000000f4400000,0x00000000f5c00000)
 ParOldGen       total 88064K, used 46520K [0x00000000a0000000, 0x00000000a5600000, 0x00000000e0000000)
  object space 88064K, 52% used [0x00000000a0000000,0x00000000a2d6e128,0x00000000a5600000)
 Metaspace       used 81694K, capacity 85158K, committed 85400K, reserved 1124352K
  class space    used 10745K, capacity 11437K, committed 11440K, reserved 1048576K
GC Heap History (10 events):
Event: 11.192 GC heap after
Heap after GC invocations=11 (full 2):
 PSYoungGen      total 208896K, used 14309K [0x00000000e0000000, 0x00000000f1a00000, 0x0000000100000000)
  eden space 194560K, 0% used [0x00000000e0000000,0x00000000e0000000,0x00000000ebe00000)
  from space 14336K, 99% used [0x00000000ebe00000,0x00000000ecbf9738,0x00000000ecc00000)
  to   space 19456K, 0% used [0x00000000f0700000,0x00000000f0700000,0x00000000f1a00000)
 ParOldGen       total 58880K, used 24859K [0x00000000a0000000, 0x00000000a3980000, 0x00000000e0000000)
  object space 58880K, 42% used [0x00000000a0000000,0x00000000a1846ff8,0x00000000a3980000)
 Metaspace       used 52936K, capacity 54158K, committed 54312K, reserved 1095680K
  class space    used 7124K, capacity 7432K, committed 7472K, reserved 1048576K
}
Event: 12.305 GC heap before
{Heap before GC invocations=12 (full 2):
 PSYoungGen      total 208896K, used 97977K [0x00000000e0000000, 0x00000000f1a00000, 0x0000000100000000)
  eden space 194560K, 43% used [0x00000000e0000000,0x00000000e51b4fa8,0x00000000ebe00000)
  from space 14336K, 99% used [0x00000000ebe00000,0x00000000ecbf9738,0x00000000ecc00000)
  to   space 19456K, 0% used [0x00000000f0700000,0x00000000f0700000,0x00000000f1a00000)
 ParOldGen       total 58880K, used 24859K [0x00000000a0000000, 0x00000000a3980000, 0x00000000e0000000)
  object space 58880K, 42% used [0x00000000a0000000,0x00000000a1846ff8,0x00000000a3980000)
 Metaspace       used 57640K, capacity 59102K, committed 59160K, reserved 1099776K
  class space    used 7830K, capacity 8207K, committed 8240K, reserved 1048576K
Event: 12.411 GC heap after
Heap after GC invocations=12 (full 2):
 PSYoungGen      total 266240K, used 19435K [0x00000000e0000000, 0x00000000f3100000, 0x0000000100000000)
  eden space 246784K, 0% used [0x00000000e0000000,0x00000000e0000000,0x00000000ef100000)
  from space 19456K, 99% used [0x00000000f0700000,0x00000000f19fae08,0x00000000f1a00000)
  to   space 22528K, 0% used [0x00000000ef100000,0x00000000ef100000,0x00000000f0700000)
 ParOldGen       total 58880K, used 25142K [0x00000000a0000000, 0x00000000a3980000, 0x00000000e0000000)
  object space 58880K, 42% used [0x00000000a0000000,0x00000000a188da50,0x00000000a3980000)
 Metaspace       used 57640K, capacity 59102K, committed 59160K, reserved 1099776K
  class space    used 7830K, capacity 8207K, committed 8240K, reserved 1048576K
}
Event: 12.411 GC heap before
{Heap before GC invocations=13 (full 3):
 PSYoungGen      total 266240K, used 19435K [0x00000000e0000000, 0x00000000f3100000, 0x0000000100000000)
  eden space 246784K, 0% used [0x00000000e0000000,0x00000000e0000000,0x00000000ef100000)
  from space 19456K, 99% used [0x00000000f0700000,0x00000000f19fae08,0x00000000f1a00000)
  to   space 22528K, 0% used [0x00000000ef100000,0x00000000ef100000,0x00000000f0700000)
 ParOldGen       total 58880K, used 25142K [0x00000000a0000000, 0x00000000a3980000, 0x00000000e0000000)
  object space 58880K, 42% used [0x00000000a0000000,0x00000000a188da50,0x00000000a3980000)
 Metaspace       used 57640K, capacity 59102K, committed 59160K, reserved 1099776K
  class space    used 7830K, capacity 8207K, committed 8240K, reserved 1048576K
Event: 12.837 GC heap after
Heap after GC invocations=13 (full 3):
 PSYoungGen      total 266240K, used 0K [0x00000000e0000000, 0x00000000f3100000, 0x0000000100000000)
  eden space 246784K, 0% used [0x00000000e0000000,0x00000000e0000000,0x00000000ef100000)
  from space 19456K, 0% used [0x00000000f0700000,0x00000000f0700000,0x00000000f1a00000)
  to   space 22528K, 0% used [0x00000000ef100000,0x00000000ef100000,0x00000000f0700000)
 ParOldGen       total 88064K, used 33823K [0x00000000a0000000, 0x00000000a5600000, 0x00000000e0000000)
  object space 88064K, 38% used [0x00000000a0000000,0x00000000a2107cb8,0x00000000a5600000)
 Metaspace       used 57640K, capacity 59102K, committed 59160K, reserved 1099776K
  class space    used 7830K, capacity 8207K, committed 8240K, reserved 1048576K
}
Event: 18.865 GC heap before
{Heap before GC invocations=14 (full 3):
 PSYoungGen      total 266240K, used 246784K [0x00000000e0000000, 0x00000000f3100000, 0x0000000100000000)
  eden space 246784K, 100% used [0x00000000e0000000,0x00000000ef100000,0x00000000ef100000)
  from space 19456K, 0% used [0x00000000f0700000,0x00000000f0700000,0x00000000f1a00000)
  to   space 22528K, 0% used [0x00000000ef100000,0x00000000ef100000,0x00000000f0700000)
 ParOldGen       total 88064K, used 33823K [0x00000000a0000000, 0x00000000a5600000, 0x00000000e0000000)
  object space 88064K, 38% used [0x00000000a0000000,0x00000000a2107cb8,0x00000000a5600000)
 Metaspace       used 63761K, capacity 65792K, committed 65944K, reserved 1105920K
  class space    used 8606K, capacity 9072K, committed 9136K, reserved 1048576K
Event: 18.895 GC heap after
Heap after GC invocations=14 (full 3):
 PSYoungGen      total 269312K, used 18584K [0x00000000e0000000, 0x00000000f5c00000, 0x0000000100000000)
  eden space 246784K, 0% used [0x00000000e0000000,0x00000000e0000000,0x00000000ef100000)
  from space 22528K, 82% used [0x00000000ef100000,0x00000000f0326398,0x00000000f0700000)
  to   space 24576K, 0% used [0x00000000f4400000,0x00000000f4400000,0x00000000f5c00000)
 ParOldGen       total 88064K, used 33831K [0x00000000a0000000, 0x00000000a5600000, 0x00000000e0000000)
  object space 88064K, 38% used [0x00000000a0000000,0x00000000a2109cb8,0x00000000a5600000)
 Metaspace       used 63761K, capacity 65792K, committed 65944K, reserved 1105920K
  class space    used 8606K, capacity 9072K, committed 9136K, reserved 1048576K
}
Event: 22.930 GC heap before
{Heap before GC invocations=15 (full 3):
 PSYoungGen      total 269312K, used 265368K [0x00000000e0000000, 0x00000000f5c00000, 0x0000000100000000)
  eden space 246784K, 100% used [0x00000000e0000000,0x00000000ef100000,0x00000000ef100000)
  from space 22528K, 82% used [0x00000000ef100000,0x00000000f0326398,0x00000000f0700000)
  to   space 24576K, 0% used [0x00000000f4400000,0x00000000f4400000,0x00000000f5c00000)
 ParOldGen       total 88064K, used 33831K [0x00000000a0000000, 0x00000000a5600000, 0x00000000e0000000)
  object space 88064K, 38% used [0x00000000a0000000,0x00000000a2109cb8,0x00000000a5600000)
 Metaspace       used 70767K, capacity 72852K, committed 73112K, reserved 1112064K
  class space    used 9344K, capacity 9826K, committed 9904K, reserved 1048576K
Event: 22.967 GC heap after
Heap after GC invocations=15 (full 3):
 PSYoungGen      total 325120K, used 23324K [0x00000000e0000000, 0x00000000f5c80000, 0x0000000100000000)
  eden space 300544K, 0% used [0x00000000e0000000,0x00000000e0000000,0x00000000f2580000)
  from space 24576K, 94% used [0x00000000f4400000,0x00000000f5ac71e0,0x00000000f5c00000)
  to   space 28160K, 0% used [0x00000000f2580000,0x00000000f2580000,0x00000000f4100000)
 ParOldGen       total 88064K, used 33847K [0x00000000a0000000, 0x00000000a5600000, 0x00000000e0000000)
  object space 88064K, 38% used [0x00000000a0000000,0x00000000a210dcb8,0x00000000a5600000)
 Metaspace       used 70767K, capacity 72852K, committed 73112K, reserved 1112064K
  class space    used 9344K, capacity 9826K, committed 9904K, reserved 1048576K
}
Event: 28.254 GC heap before
{Heap before GC invocations=16 (full 3):
 PSYoungGen      total 325120K, used 323868K [0x00000000e0000000, 0x00000000f5c80000, 0x0000000100000000)
  eden space 300544K, 100% used [0x00000000e0000000,0x00000000f2580000,0x00000000f2580000)
  from space 24576K, 94% used [0x00000000f4400000,0x00000000f5ac71e0,0x00000000f5c00000)
  to   space 28160K, 0% used [0x00000000f2580000,0x00000000f2580000,0x00000000f4100000)
 ParOldGen       total 88064K, used 33847K [0x00000000a0000000, 0x00000000a5600000, 0x00000000e0000000)
  object space 88064K, 38% used [0x00000000a0000000,0x00000000a210dcb8,0x00000000a5600000)
 Metaspace       used 81694K, capacity 85158K, committed 85400K, reserved 1124352K
  class space    used 10745K, capacity 11437K, committed 11440K, reserved 1048576K

