# JRE version: OpenJDK Runtime Environment (8.0_152) (build 1.8.0_152-release-1343-b16-5323222)
# Java VM: OpenJDK 64-Bit Server VM (25.152-b16-5323222 mixed mode linux-amd64 compressed oops)
Heap:
 PSYoungGen      total 340480K, used 12502K [0x00000000e0000000, 0x00000000f6580000, 0x0000000100000000)
  eden space 314880K, 0% used [0x00000000e0000000,0x00000000e0000000,0x00000000f3380000)
  from space 25600K, 48% used [0x00000000f3380000,0x00000000f3fb5880,0x00000000f4c80000)
  to   space 23552K, 0% used [0x00000000f4e80000,0x00000000f4e80000,0x00000000f6580000)
 ParOldGen       total 94720K, used 65561K [0x00000000a0000000, 0x00000000a5c80000, 0x00000000e0000000)
  object space 94720K, 69% used [0x00000000a0000000,0x00000000a4006660,0x00000000a5c80000)
 Metaspace       used 78381K, capacity 80668K, committed 80920K, reserved 1120256K
  class space    used 10169K, capacity 10697K, committed 10800K, reserved 1048576K
GC Heap History (10 events):
Event: 22.304 GC heap after
Heap after GC invocations=21 (full 3):
 PSYoungGen      total 251392K, used 9580K [0x00000000e0000000, 0x00000000f0f80000, 0x0000000100000000)
  eden space 226816K, 0% used [0x00000000e0000000,0x00000000e0000000,0x00000000edd80000)
  from space 24576K, 38% used [0x00000000ef780000,0x00000000f00db138,0x00000000f0f80000)
  to   space 25600K, 0% used [0x00000000edd80000,0x00000000edd80000,0x00000000ef680000)
 ParOldGen       total 94720K, used 55689K [0x00000000a0000000, 0x00000000a5c80000, 0x00000000e0000000)
  object space 94720K, 58% used [0x00000000a0000000,0x00000000a36624d0,0x00000000a5c80000)
 Metaspace       used 77970K, capacity 80298K, committed 80408K, reserved 1118208K
  class space    used 10161K, capacity 10696K, committed 10800K, reserved 1048576K
}
Event: 23.244 GC heap before
{Heap before GC invocations=22 (full 3):
 PSYoungGen      total 251392K, used 236396K [0x00000000e0000000, 0x00000000f0f80000, 0x0000000100000000)
  eden space 226816K, 100% used [0x00000000e0000000,0x00000000edd80000,0x00000000edd80000)
  from space 24576K, 38% used [0x00000000ef780000,0x00000000f00db138,0x00000000f0f80000)
  to   space 25600K, 0% used [0x00000000edd80000,0x00000000edd80000,0x00000000ef680000)
 ParOldGen       total 94720K, used 55689K [0x00000000a0000000, 0x00000000a5c80000, 0x00000000e0000000)
  object space 94720K, 58% used [0x00000000a0000000,0x00000000a36624d0,0x00000000a5c80000)
 Metaspace       used 78021K, capacity 80362K, committed 80664K, reserved 1120256K
  class space    used 10161K, capacity 10696K, committed 10800K, reserved 1048576K
Event: 23.273 GC heap after
Heap after GC invocations=22 (full 3):
 PSYoungGen      total 252416K, used 12619K [0x00000000e0000000, 0x00000000f3200000, 0x0000000100000000)
  eden space 226816K, 0% used [0x00000000e0000000,0x00000000e0000000,0x00000000edd80000)
  from space 25600K, 49% used [0x00000000edd80000,0x00000000ee9d2dc8,0x00000000ef680000)
  to   space 24576K, 0% used [0x00000000f1a00000,0x00000000f1a00000,0x00000000f3200000)
 ParOldGen       total 94720K, used 55697K [0x00000000a0000000, 0x00000000a5c80000, 0x00000000e0000000)
  object space 94720K, 58% used [0x00000000a0000000,0x00000000a36644d0,0x00000000a5c80000)
 Metaspace       used 78021K, capacity 80362K, committed 80664K, reserved 1120256K
  class space    used 10161K, capacity 10696K, committed 10800K, reserved 1048576K
}
Event: 24.211 GC heap before
{Heap before GC invocations=23 (full 3):
 PSYoungGen      total 252416K, used 239435K [0x00000000e0000000, 0x00000000f3200000, 0x0000000100000000)
  eden space 226816K, 100% used [0x00000000e0000000,0x00000000edd80000,0x00000000edd80000)
  from space 25600K, 49% used [0x00000000edd80000,0x00000000ee9d2dc8,0x00000000ef680000)
  to   space 24576K, 0% used [0x00000000f1a00000,0x00000000f1a00000,0x00000000f3200000)
 ParOldGen       total 94720K, used 55697K [0x00000000a0000000, 0x00000000a5c80000, 0x00000000e0000000)
  object space 94720K, 58% used [0x00000000a0000000,0x00000000a36644d0,0x00000000a5c80000)
 Metaspace       used 78117K, capacity 80430K, committed 80664K, reserved 1120256K
  class space    used 10167K, capacity 10696K, committed 10800K, reserved 1048576K
Event: 24.256 GC heap after
Heap after GC invocations=23 (full 3):
 PSYoungGen      total 287744K, used 16253K [0x00000000e0000000, 0x00000000f3b00000, 0x0000000100000000)
  eden space 263168K, 0% used [0x00000000e0000000,0x00000000e0000000,0x00000000f0100000)
  from space 24576K, 66% used [0x00000000f1a00000,0x00000000f29df730,0x00000000f3200000)
  to   space 25600K, 0% used [0x00000000f0100000,0x00000000f0100000,0x00000000f1a00000)
 ParOldGen       total 94720K, used 55697K [0x00000000a0000000, 0x00000000a5c80000, 0x00000000e0000000)
  object space 94720K, 58% used [0x00000000a0000000,0x00000000a36644d0,0x00000000a5c80000)
 Metaspace       used 78117K, capacity 80430K, committed 80664K, reserved 1120256K
  class space    used 10167K, capacity 10696K, committed 10800K, reserved 1048576K
}
Event: 25.361 GC heap before
{Heap before GC invocations=24 (full 3):
 PSYoungGen      total 287744K, used 279421K [0x00000000e0000000, 0x00000000f3b00000, 0x0000000100000000)
  eden space 263168K, 100% used [0x00000000e0000000,0x00000000f0100000,0x00000000f0100000)
  from space 24576K, 66% used [0x00000000f1a00000,0x00000000f29df730,0x00000000f3200000)
  to   space 25600K, 0% used [0x00000000f0100000,0x00000000f0100000,0x00000000f1a00000)
 ParOldGen       total 94720K, used 55697K [0x00000000a0000000, 0x00000000a5c80000, 0x00000000e0000000)
  object space 94720K, 58% used [0x00000000a0000000,0x00000000a36644d0,0x00000000a5c80000)
 Metaspace       used 78271K, capacity 80578K, committed 80920K, reserved 1120256K
  class space    used 10169K, capacity 10696K, committed 10800K, reserved 1048576K
Event: 25.398 GC heap after
Heap after GC invocations=24 (full 3):
 PSYoungGen      total 288768K, used 17215K [0x00000000e0000000, 0x00000000f6800000, 0x0000000100000000)
  eden space 263168K, 0% used [0x00000000e0000000,0x00000000e0000000,0x00000000f0100000)
  from space 25600K, 67% used [0x00000000f0100000,0x00000000f11cffd8,0x00000000f1a00000)
  to   space 26112K, 0% used [0x00000000f4e80000,0x00000000f4e80000,0x00000000f6800000)
 ParOldGen       total 94720K, used 58893K [0x00000000a0000000, 0x00000000a5c80000, 0x00000000e0000000)
  object space 94720K, 62% used [0x00000000a0000000,0x00000000a3983620,0x00000000a5c80000)
 Metaspace       used 78271K, capacity 80578K, committed 80920K, reserved 1120256K
  class space    used 10169K, capacity 10696K, committed 10800K, reserved 1048576K
}
Event: 26.591 GC heap before
{Heap before GC invocations=25 (full 3):
 PSYoungGen      total 288768K, used 280383K [0x00000000e0000000, 0x00000000f6800000, 0x0000000100000000)
  eden space 263168K, 100% used [0x00000000e0000000,0x00000000f0100000,0x00000000f0100000)
  from space 25600K, 67% used [0x00000000f0100000,0x00000000f11cffd8,0x00000000f1a00000)
  to   space 26112K, 0% used [0x00000000f4e80000,0x00000000f4e80000,0x00000000f6800000)
 ParOldGen       total 94720K, used 58893K [0x00000000a0000000, 0x00000000a5c80000, 0x00000000e0000000)
  object space 94720K, 62% used [0x00000000a0000000,0x00000000a3983620,0x00000000a5c80000)
 Metaspace       used 78324K, capacity 80646K, committed 80920K, reserved 1120256K
  class space    used 10169K, capacity 10696K, committed 10800K, reserved 1048576K
Event: 26.618 GC heap after
Heap after GC invocations=25 (full 3):
 PSYoungGen      total 338432K, used 13373K [0x00000000e0000000, 0x00000000f6580000, 0x0000000100000000)
  eden space 314880K, 0% used [0x00000000e0000000,0x00000000e0000000,0x00000000f3380000)
  from space 23552K, 56% used [0x00000000f4e80000,0x00000000f5b8f420,0x00000000f6580000)
  to   space 25600K, 0% used [0x00000000f3380000,0x00000000f3380000,0x00000000f4c80000)
 ParOldGen       total 94720K, used 62461K [0x00000000a0000000, 0x00000000a5c80000, 0x00000000e0000000)
  object space 94720K, 65% used [0x00000000a0000000,0x00000000a3cff630,0x00000000a5c80000)
 Metaspace       used 78324K, capacity 80646K, committed 80920K, reserved 1120256K
  class space    used 10169K, capacity 10696K, committed 10800K, reserved 1048576K
}
Event: 28.048 GC heap before
{Heap before GC invocations=26 (full 3):
 PSYoungGen      total 338432K, used 328253K [0x00000000e0000000, 0x00000000f6580000, 0x0000000100000000)
  eden space 314880K, 100% used [0x00000000e0000000,0x00000000f3380000,0x00000000f3380000)
  from space 23552K, 56% used [0x00000000f4e80000,0x00000000f5b8f420,0x00000000f6580000)
  to   space 25600K, 0% used [0x00000000f3380000,0x00000000f3380000,0x00000000f4c80000)
 ParOldGen       total 94720K, used 62461K [0x00000000a0000000, 0x00000000a5c80000, 0x00000000e0000000)
  object space 94720K, 65% used [0x00000000a0000000,0x00000000a3cff630,0x00000000a5c80000)
 Metaspace       used 78381K, capacity 80668K, committed 80920K, reserved 1120256K
  class space    used 10169K, capacity 10697K, committed 10800K, reserved 1048576K

