# JRE version: OpenJDK Runtime Environment (8.0_152) (build 1.8.0_152-release-1343-b16-5323222)
# Java VM: OpenJDK 64-Bit Server VM (25.152-b16-5323222 mixed mode linux-amd64 compressed oops)
Heap:
 PSYoungGen      total 225280K, used 30206K [0x00000000e0000000, 0x00000000efc00000, 0x0000000100000000)
  eden space 195072K, 0% used [0x00000000e0000000,0x00000000e0000000,0x00000000ebe80000)
  from space 30208K, 99% used [0x00000000ec100000,0x00000000ede7f950,0x00000000ede80000)
  to   space 19456K, 0% used [0x00000000ee900000,0x00000000ee900000,0x00000000efc00000)
 ParOldGen       total 96256K, used 96045K [0x00000000a0000000, 0x00000000a5e00000, 0x00000000e0000000)
  object space 96256K, 99% used [0x00000000a0000000,0x00000000a5dcb458,0x00000000a5e00000)
 Metaspace       used 83035K, capacity 88492K, committed 88728K, reserved 1126400K
  class space    used 10664K, capacity 11594K, committed 11696K, reserved 1048576K
GC Heap History (10 events):
Event: 515.017 GC heap after
Heap after GC invocations=29 (full 3):
 PSYoungGen      total 241152K, used 11744K [0x00000000e0000000, 0x00000000f1700000, 0x0000000100000000)
  eden space 229376K, 0% used [0x00000000e0000000,0x00000000e0000000,0x00000000ee000000)
  from space 11776K, 99% used [0x00000000f0b80000,0x00000000f16f8020,0x00000000f1700000)
  to   space 22528K, 0% used [0x00000000eeb00000,0x00000000eeb00000,0x00000000f0100000)
 ParOldGen       total 83456K, used 56688K [0x00000000a0000000, 0x00000000a5180000, 0x00000000e0000000)
  object space 83456K, 67% used [0x00000000a0000000,0x00000000a375c108,0x00000000a5180000)
 Metaspace       used 74335K, capacity 77958K, committed 78232K, reserved 1118208K
  class space    used 9628K, capacity 10297K, committed 10416K, reserved 1048576K
}
Event: 532.025 GC heap before
{Heap before GC invocations=30 (full 3):
 PSYoungGen      total 241152K, used 241120K [0x00000000e0000000, 0x00000000f1700000, 0x0000000100000000)
  eden space 229376K, 100% used [0x00000000e0000000,0x00000000ee000000,0x00000000ee000000)
  from space 11776K, 99% used [0x00000000f0b80000,0x00000000f16f8020,0x00000000f1700000)
  to   space 22528K, 0% used [0x00000000eeb00000,0x00000000eeb00000,0x00000000f0100000)
 ParOldGen       total 83456K, used 56688K [0x00000000a0000000, 0x00000000a5180000, 0x00000000e0000000)
  object space 83456K, 67% used [0x00000000a0000000,0x00000000a375c108,0x00000000a5180000)
 Metaspace       used 75536K, capacity 80816K, committed 80920K, reserved 1120256K
  class space    used 9873K, capacity 10752K, committed 10800K, reserved 1048576K
Event: 532.057 GC heap after
Heap after GC invocations=30 (full 3):
 PSYoungGen      total 237056K, used 16768K [0x00000000e0000000, 0x00000000f0c00000, 0x0000000100000000)
  eden space 220160K, 0% used [0x00000000e0000000,0x00000000e0000000,0x00000000ed700000)
  from space 16896K, 99% used [0x00000000eeb00000,0x00000000efb60030,0x00000000efb80000)
  to   space 16896K, 0% used [0x00000000efb80000,0x00000000efb80000,0x00000000f0c00000)
 ParOldGen       total 83456K, used 56768K [0x00000000a0000000, 0x00000000a5180000, 0x00000000e0000000)
  object space 83456K, 68% used [0x00000000a0000000,0x00000000a3770118,0x00000000a5180000)
 Metaspace       used 75536K, capacity 80816K, committed 80920K, reserved 1120256K
  class space    used 9873K, capacity 10752K, committed 10800K, reserved 1048576K
}
Event: 549.315 GC heap before
{Heap before GC invocations=31 (full 3):
 PSYoungGen      total 237056K, used 236928K [0x00000000e0000000, 0x00000000f0c00000, 0x0000000100000000)
  eden space 220160K, 100% used [0x00000000e0000000,0x00000000ed700000,0x00000000ed700000)
  from space 16896K, 99% used [0x00000000eeb00000,0x00000000efb60030,0x00000000efb80000)
  to   space 16896K, 0% used [0x00000000efb80000,0x00000000efb80000,0x00000000f0c00000)
 ParOldGen       total 83456K, used 56768K [0x00000000a0000000, 0x00000000a5180000, 0x00000000e0000000)
  object space 83456K, 68% used [0x00000000a0000000,0x00000000a3770118,0x00000000a5180000)
 Metaspace       used 75789K, capacity 81184K, committed 81560K, reserved 1120256K
  class space    used 9900K, capacity 10802K, committed 10928K, reserved 1048576K
Event: 549.347 GC heap after
Heap after GC invocations=31 (full 3):
 PSYoungGen      total 228352K, used 16880K [0x00000000e0000000, 0x00000000f0c00000, 0x0000000100000000)
  eden space 211456K, 0% used [0x00000000e0000000,0x00000000e0000000,0x00000000ece80000)
  from space 16896K, 99% used [0x00000000efb80000,0x00000000f0bfc040,0x00000000f0c00000)
  to   space 24576K, 0% used [0x00000000edc00000,0x00000000edc00000,0x00000000ef400000)
 ParOldGen       total 83456K, used 56824K [0x00000000a0000000, 0x00000000a5180000, 0x00000000e0000000)
  object space 83456K, 68% used [0x00000000a0000000,0x00000000a377e118,0x00000000a5180000)
 Metaspace       used 75789K, capacity 81184K, committed 81560K, reserved 1120256K
  class space    used 9900K, capacity 10802K, committed 10928K, reserved 1048576K
}
Event: 648.580 GC heap before
{Heap before GC invocations=32 (full 3):
 PSYoungGen      total 228352K, used 228336K [0x00000000e0000000, 0x00000000f0c00000, 0x0000000100000000)
  eden space 211456K, 100% used [0x00000000e0000000,0x00000000ece80000,0x00000000ece80000)
  from space 16896K, 99% used [0x00000000efb80000,0x00000000f0bfc040,0x00000000f0c00000)
  to   space 24576K, 0% used [0x00000000edc00000,0x00000000edc00000,0x00000000ef400000)
 ParOldGen       total 83456K, used 56824K [0x00000000a0000000, 0x00000000a5180000, 0x00000000e0000000)
  object space 83456K, 68% used [0x00000000a0000000,0x00000000a377e118,0x00000000a5180000)
 Metaspace       used 75844K, capacity 81248K, committed 81560K, reserved 1120256K
  class space    used 9900K, capacity 10802K, committed 10928K, reserved 1048576K
Event: 648.619 GC heap after
Heap after GC invocations=32 (full 3):
 PSYoungGen      total 216576K, used 12832K [0x00000000e0000000, 0x00000000efc00000, 0x0000000100000000)
  eden space 203264K, 0% used [0x00000000e0000000,0x00000000e0000000,0x00000000ec680000)
  from space 13312K, 96% used [0x00000000edc00000,0x00000000ee888000,0x00000000ee900000)
  to   space 19456K, 0% used [0x00000000ee900000,0x00000000ee900000,0x00000000efc00000)
 ParOldGen       total 83456K, used 56864K [0x00000000a0000000, 0x00000000a5180000, 0x00000000e0000000)
  object space 83456K, 68% used [0x00000000a0000000,0x00000000a3788118,0x00000000a5180000)
 Metaspace       used 75844K, capacity 81248K, committed 81560K, reserved 1120256K
  class space    used 9900K, capacity 10802K, committed 10928K, reserved 1048576K
}
Event: 652.102 GC heap before
{Heap before GC invocations=33 (full 3):
 PSYoungGen      total 216576K, used 214552K [0x00000000e0000000, 0x00000000efc00000, 0x0000000100000000)
  eden space 203264K, 99% used [0x00000000e0000000,0x00000000ec4fe1a8,0x00000000ec680000)
  from space 13312K, 96% used [0x00000000edc00000,0x00000000ee888000,0x00000000ee900000)
  to   space 19456K, 0% used [0x00000000ee900000,0x00000000ee900000,0x00000000efc00000)
 ParOldGen       total 83456K, used 56864K [0x00000000a0000000, 0x00000000a5180000, 0x00000000e0000000)
  object space 83456K, 68% used [0x00000000a0000000,0x00000000a3788118,0x00000000a5180000)
 Metaspace       used 80328K, capacity 85758K, committed 85912K, reserved 1124352K
  class space    used 10464K, capacity 11388K, committed 11440K, reserved 1048576K
Event: 652.154 GC heap after
Heap after GC invocations=33 (full 3):
 PSYoungGen      total 214528K, used 19424K [0x00000000e0000000, 0x00000000efc00000, 0x0000000100000000)
  eden space 195072K, 0% used [0x00000000e0000000,0x00000000e0000000,0x00000000ebe80000)
  from space 19456K, 99% used [0x00000000ee900000,0x00000000efbf8030,0x00000000efc00000)
  to   space 30208K, 0% used [0x00000000ec100000,0x00000000ec100000,0x00000000ede80000)
 ParOldGen       total 83456K, used 69023K [0x00000000a0000000, 0x00000000a5180000, 0x00000000e0000000)
  object space 83456K, 82% used [0x00000000a0000000,0x00000000a4367d60,0x00000000a5180000)
 Metaspace       used 80328K, capacity 85758K, committed 85912K, reserved 1124352K
  class space    used 10464K, capacity 11388K, committed 11440K, reserved 1048576K
}
Event: 655.280 GC heap before
{Heap before GC invocations=34 (full 3):
 PSYoungGen      total 214528K, used 214496K [0x00000000e0000000, 0x00000000efc00000, 0x0000000100000000)
  eden space 195072K, 100% used [0x00000000e0000000,0x00000000ebe80000,0x00000000ebe80000)
  from space 19456K, 99% used [0x00000000ee900000,0x00000000efbf8030,0x00000000efc00000)
  to   space 30208K, 0% used [0x00000000ec100000,0x00000000ec100000,0x00000000ede80000)
 ParOldGen       total 83456K, used 69023K [0x00000000a0000000, 0x00000000a5180000, 0x00000000e0000000)
  object space 83456K, 82% used [0x00000000a0000000,0x00000000a4367d60,0x00000000a5180000)
 Metaspace       used 83035K, capacity 88492K, committed 88728K, reserved 1126400K
  class space    used 10664K, capacity 11594K, committed 11696K, reserved 1048576K

